# JRE version: OpenJDK Runtime Environment (8.0_152-b01) (build 1.8.0_152-release-1343-b01)
# Java VM: OpenJDK 64-Bit Server VM (25.152-b01 mixed mode windows-amd64 compressed oops)
Heap:
 PSYoungGen      total 311808K, used 198594K [0x00000000e0000000, 0x00000000fe280000, 0x0000000100000000)
  eden space 287232K, 62% used [0x00000000e0000000,0x00000000eaf077a0,0x00000000f1880000)
  from space 24576K, 78% used [0x00000000f1880000,0x00000000f2b69390,0x00000000f3080000)
  to   space 26624K, 0% used [0x00000000fc880000,0x00000000fc880000,0x00000000fe280000)
 ParOldGen       total 96256K, used 46488K [0x00000000a0000000, 0x00000000a5e00000, 0x00000000e0000000)
  object space 96256K, 48% used [0x00000000a0000000,0x00000000a2d663b0,0x00000000a5e00000)
 Metaspace       used 88983K, capacity 92782K, committed 92888K, reserved 1130496K
  class space    used 11790K, capacity 12502K, committed 12504K, reserved 1048576K
GC Heap History (10 events):
Event: 49.263 GC heap before
{Heap before GC invocations=14 (full 2):
 PSYoungGen      total 156160K, used 16551K [0x00000000e0000000, 0x00000000ed700000, 0x0000000100000000)
  eden space 141824K, 1% used [0x00000000e0000000,0x00000000e02c3460,0x00000000e8a80000)
  from space 14336K, 95% used [0x00000000e8a80000,0x00000000e97e69d0,0x00000000e9880000)
  to   space 15872K, 0% used [0x00000000ec780000,0x00000000ec780000,0x00000000ed700000)
 ParOldGen       total 82432K, used 27518K [0x00000000a0000000, 0x00000000a5080000, 0x00000000e0000000)
  object space 82432K, 33% used [0x00000000a0000000,0x00000000a1adf948,0x00000000a5080000)
 Metaspace       used 57550K, capacity 59014K, committed 59096K, reserved 1099776K
  class space    used 7740K, capacity 8100K, committed 8152K, reserved 1048576K
Event: 49.273 GC heap after
Heap after GC invocations=14 (full 2):
 PSYoungGen      total 203776K, used 160K [0x00000000e0000000, 0x00000000efb00000, 0x0000000100000000)
  eden space 187904K, 0% used [0x00000000e0000000,0x00000000e0000000,0x00000000eb780000)
  from space 15872K, 1% used [0x00000000ec780000,0x00000000ec7a8000,0x00000000ed700000)
  to   space 16384K, 0% used [0x00000000eb780000,0x00000000eb780000,0x00000000ec780000)
 ParOldGen       total 82432K, used 32056K [0x00000000a0000000, 0x00000000a5080000, 0x00000000e0000000)
  object space 82432K, 38% used [0x00000000a0000000,0x00000000a1f4e270,0x00000000a5080000)
 Metaspace       used 57550K, capacity 59014K, committed 59096K, reserved 1099776K
  class space    used 7740K, capacity 8100K, committed 8152K, reserved 1048576K
}
Event: 49.273 GC heap before
{Heap before GC invocations=15 (full 3):
 PSYoungGen      total 203776K, used 160K [0x00000000e0000000, 0x00000000efb00000, 0x0000000100000000)
  eden space 187904K, 0% used [0x00000000e0000000,0x00000000e0000000,0x00000000eb780000)
  from space 15872K, 1% used [0x00000000ec780000,0x00000000ec7a8000,0x00000000ed700000)
  to   space 16384K, 0% used [0x00000000eb780000,0x00000000eb780000,0x00000000ec780000)
 ParOldGen       total 82432K, used 32056K [0x00000000a0000000, 0x00000000a5080000, 0x00000000e0000000)
  object space 82432K, 38% used [0x00000000a0000000,0x00000000a1f4e270,0x00000000a5080000)
 Metaspace       used 57550K, capacity 59014K, committed 59096K, reserved 1099776K
  class space    used 7740K, capacity 8100K, committed 8152K, reserved 1048576K
Event: 49.636 GC heap after
Heap after GC invocations=15 (full 3):
 PSYoungGen      total 203776K, used 0K [0x00000000e0000000, 0x00000000efb00000, 0x0000000100000000)
  eden space 187904K, 0% used [0x00000000e0000000,0x00000000e0000000,0x00000000eb780000)
  from space 15872K, 0% used [0x00000000ec780000,0x00000000ec780000,0x00000000ed700000)
  to   space 16384K, 0% used [0x00000000eb780000,0x00000000eb780000,0x00000000ec780000)
 ParOldGen       total 96256K, used 26388K [0x00000000a0000000, 0x00000000a5e00000, 0x00000000e0000000)
  object space 96256K, 27% used [0x00000000a0000000,0x00000000a19c5390,0x00000000a5e00000)
 Metaspace       used 57550K, capacity 59014K, committed 59096K, reserved 1099776K
  class space    used 7740K, capacity 8100K, committed 8152K, reserved 1048576K
}
Event: 72.050 GC heap before
{Heap before GC invocations=16 (full 3):
 PSYoungGen      total 203776K, used 187904K [0x00000000e0000000, 0x00000000efb00000, 0x0000000100000000)
  eden space 187904K, 100% used [0x00000000e0000000,0x00000000eb780000,0x00000000eb780000)
  from space 15872K, 0% used [0x00000000ec780000,0x00000000ec780000,0x00000000ed700000)
  to   space 16384K, 0% used [0x00000000eb780000,0x00000000eb780000,0x00000000ec780000)
 ParOldGen       total 96256K, used 26388K [0x00000000a0000000, 0x00000000a5e00000, 0x00000000e0000000)
  object space 96256K, 27% used [0x00000000a0000000,0x00000000a19c5390,0x00000000a5e00000)
 Metaspace       used 64080K, capacity 66096K, committed 66264K, reserved 1105920K
  class space    used 8646K, capacity 9109K, committed 9176K, reserved 1048576K
Event: 72.084 GC heap after
Heap after GC invocations=16 (full 3):
 PSYoungGen      total 204288K, used 13393K [0x00000000e0000000, 0x00000000f4200000, 0x0000000100000000)
  eden space 187904K, 0% used [0x00000000e0000000,0x00000000e0000000,0x00000000eb780000)
  from space 16384K, 81% used [0x00000000eb780000,0x00000000ec494500,0x00000000ec780000)
  to   space 17920K, 0% used [0x00000000f3080000,0x00000000f3080000,0x00000000f4200000)
 ParOldGen       total 96256K, used 26396K [0x00000000a0000000, 0x00000000a5e00000, 0x00000000e0000000)
  object space 96256K, 27% used [0x00000000a0000000,0x00000000a19c7390,0x00000000a5e00000)
 Metaspace       used 64080K, capacity 66096K, committed 66264K, reserved 1105920K
  class space    used 8646K, capacity 9109K, committed 9176K, reserved 1048576K
}
Event: 153.266 GC heap before
{Heap before GC invocations=17 (full 3):
 PSYoungGen      total 204288K, used 201297K [0x00000000e0000000, 0x00000000f4200000, 0x0000000100000000)
  eden space 187904K, 100% used [0x00000000e0000000,0x00000000eb780000,0x00000000eb780000)
  from space 16384K, 81% used [0x00000000eb780000,0x00000000ec494500,0x00000000ec780000)
  to   space 17920K, 0% used [0x00000000f3080000,0x00000000f3080000,0x00000000f4200000)
 ParOldGen       total 96256K, used 26396K [0x00000000a0000000, 0x00000000a5e00000, 0x00000000e0000000)
  object space 96256K, 27% used [0x00000000a0000000,0x00000000a19c7390,0x00000000a5e00000)
 Metaspace       used 74509K, capacity 76826K, committed 76888K, reserved 1116160K
  class space    used 10039K, capacity 10546K, committed 10584K, reserved 1048576K
Event: 153.322 GC heap after
Heap after GC invocations=17 (full 3):
 PSYoungGen      total 305152K, used 17909K [0x00000000e0000000, 0x00000000f4c80000, 0x0000000100000000)
  eden space 287232K, 0% used [0x00000000e0000000,0x00000000e0000000,0x00000000f1880000)
  from space 17920K, 99% used [0x00000000f3080000,0x00000000f41fd538,0x00000000f4200000)
  to   space 24576K, 0% used [0x00000000f1880000,0x00000000f1880000,0x00000000f3080000)
 ParOldGen       total 96256K, used 37939K [0x00000000a0000000, 0x00000000a5e00000, 0x00000000e0000000)
  object space 96256K, 39% used [0x00000000a0000000,0x00000000a250ce38,0x00000000a5e00000)
 Metaspace       used 74509K, capacity 76826K, committed 76888K, reserved 1116160K
  class space    used 10039K, capacity 10546K, committed 10584K, reserved 1048576K
}
Event: 196.862 GC heap before
{Heap before GC invocations=18 (full 3):
 PSYoungGen      total 305152K, used 305141K [0x00000000e0000000, 0x00000000f4c80000, 0x0000000100000000)
  eden space 287232K, 100% used [0x00000000e0000000,0x00000000f1880000,0x00000000f1880000)
  from space 17920K, 99% used [0x00000000f3080000,0x00000000f41fd538,0x00000000f4200000)
  to   space 24576K, 0% used [0x00000000f1880000,0x00000000f1880000,0x00000000f3080000)
 ParOldGen       total 96256K, used 37939K [0x00000000a0000000, 0x00000000a5e00000, 0x00000000e0000000)
  object space 96256K, 39% used [0x00000000a0000000,0x00000000a250ce38,0x00000000a5e00000)
 Metaspace       used 86688K, capacity 90344K, committed 90584K, reserved 1128448K
  class space    used 11511K, capacity 12215K, committed 12248K, reserved 1048576K
Event: 197.064 GC heap after
Heap after GC invocations=18 (full 3):
 PSYoungGen      total 311808K, used 19364K [0x00000000e0000000, 0x00000000fe280000, 0x0000000100000000)
  eden space 287232K, 0% used [0x00000000e0000000,0x00000000e0000000,0x00000000f1880000)
  from space 24576K, 78% used [0x00000000f1880000,0x00000000f2b69390,0x00000000f3080000)
  to   space 26624K, 0% used [0x00000000fc880000,0x00000000fc880000,0x00000000fe280000)
 ParOldGen       total 96256K, used 46488K [0x00000000a0000000, 0x00000000a5e00000, 0x00000000e0000000)
  object space 96256K, 48% used [0x00000000a0000000,0x00000000a2d663b0,0x00000000a5e00000)
 Metaspace       used 86688K, capacity 90344K, committed 90584K, reserved 1128448K
  class space    used 11511K, capacity 12215K, committed 12248K, reserved 1048576K
}

